57518 execve("./moon", ["./moon", "test"], 0x7fff644d8d40 /* 122 vars */) = 0
57518 write(1, "Running moon test...\n", 21) = 21
57518 write(1, "\n", 1)                 = 1
57518 write(1, "Compiling azimuth...\n", 21) = 21
57519 execve("/usr/bin/grep", ["grep", "-A100", "pub fn multiply", "src/azimuth/lib.mbt"], 0x562a53e5a410 /* 122 vars */ <unfinished ...>
57520 execve("/usr/bin/grep", ["grep", "-q", "a \\* b"], 0x562a53e5a410 /* 122 vars */ <unfinished ...>
57519 <... execve resumed>)             = 0
57520 <... execve resumed>)             = 0
57519 write(1, "pub fn multiply(a : Int, b : Int"..., 1055) = 1055
57520 +++ exited with 0 +++
57519 +++ exited with 0 +++
57518 --- SIGCHLD {si_signo=SIGCHLD, si_code=CLD_EXITED, si_pid=57520, si_uid=1001, si_status=0, si_utime=0, si_stime=0} ---
57521 execve("/usr/bin/grep", ["grep", "-A20", "pub fn greet", "src/azimuth/lib.mbt"], 0x562a53e5a410 /* 122 vars */) = 0
57522 execve("/usr/bin/grep", ["grep", "-q", "\"!\""], 0x562a53e5a410 /* 122 vars */) = 0
57521 write(1, "pub fn greet(name : String) -> S"..., 192) = 192
57522 +++ exited with 0 +++
57521 +++ exited with 0 +++
57518 --- SIGCHLD {si_signo=SIGCHLD, si_code=CLD_EXITED, si_pid=57522, si_uid=1001, si_status=0, si_utime=0, si_stime=0} ---
57518 write(1, "\n", 1)                 = 1
57518 write(1, "Testing azimuth...\n", 19) = 19
57518 write(1, "\n", 1)                 = 1
57518 write(1, "test add_functions ... ok\n", 26) = 26
57518 write(1, "test multiply_functions ... ok\n", 31) = 31
57518 write(1, "test greet_function ... ok\n", 27) = 27
57518 write(1, "\n", 1)                 = 1
57518 write(1, "3 tests passed, 0 failed\n", 25) = 25
57518 +++ exited with 0 +++
