execve("./moon", ["./moon", "test"], 0x7ffe7f587338 /* 123 vars */) = 0
brk(NULL)                               = 0x55c8d2f1e000
mmap(NULL, 8192, PROT_READ|PROT_WRITE, MAP_PRIVATE|MAP_ANONYMOUS, -1, 0) = 0x7f9fb3c9c000
access("/etc/ld.so.preload", R_OK)      = -1 ENOENT (No such file or directory)
openat(AT_FDCWD, "/etc/ld.so.cache", O_RDONLY|O_CLOEXEC) = 3
fstat(3, {st_mode=S_IFREG|0644, st_size=38519, ...}) = 0
mmap(NULL, 38519, PROT_READ, MAP_PRIVATE, 3, 0) = 0x7f9fb3c92000
close(3)                                = 0
openat(AT_FDCWD, "/lib/x86_64-linux-gnu/libtinfo.so.6", O_RDONLY|O_CLOEXEC) = 3
read(3, "\177ELF\2\1\1\0\0\0\0\0\0\0\0\0\3\0>\0\1\0\0\0\0\0\0\0\0\0\0\0"..., 832) = 832
fstat(3, {st_mode=S_IFREG|0644, st_size=208328, ...}) = 0
mmap(NULL, 211240, PROT_READ, MAP_PRIVATE|MAP_DENYWRITE, 3, 0) = 0x7f9fb3c5e000
mmap(0x7f9fb3c6c000, 77824, PROT_READ|PROT_EXEC, MAP_PRIVATE|MAP_FIXED|MAP_DENYWRITE, 3, 0xe000) = 0x7f9fb3c6c000
mmap(0x7f9fb3c7f000, 57344, PROT_READ, MAP_PRIVATE|MAP_FIXED|MAP_DENYWRITE, 3, 0x21000) = 0x7f9fb3c7f000
mmap(0x7f9fb3c8d000, 20480, PROT_READ|PROT_WRITE, MAP_PRIVATE|MAP_FIXED|MAP_DENYWRITE, 3, 0x2e000) = 0x7f9fb3c8d000
close(3)                                = 0
openat(AT_FDCWD, "/lib/x86_64-linux-gnu/libc.so.6", O_RDONLY|O_CLOEXEC) = 3
read(3, "\177ELF\2\1\1\3\0\0\0\0\0\0\0\0\3\0>\0\1\0\0\0\220\243\2\0\0\0\0\0"..., 832) = 832
pread64(3, "\6\0\0\0\4\0\0\0@\0\0\0\0\0\0\0@\0\0\0\0\0\0\0@\0\0\0\0\0\0\0"..., 784, 64) = 784
fstat(3, {st_mode=S_IFREG|0755, st_size=2125328, ...}) = 0
pread64(3, "\6\0\0\0\4\0\0\0@\0\0\0\0\0\0\0@\0\0\0\0\0\0\0@\0\0\0\0\0\0\0"..., 784, 64) = 784
mmap(NULL, 2170256, PROT_READ, MAP_PRIVATE|MAP_DENYWRITE, 3, 0) = 0x7f9fb3a00000
mmap(0x7f9fb3a28000, 1605632, PROT_READ|PROT_EXEC, MAP_PRIVATE|MAP_FIXED|MAP_DENYWRITE, 3, 0x28000) = 0x7f9fb3a28000
mmap(0x7f9fb3bb0000, 323584, PROT_READ, MAP_PRIVATE|MAP_FIXED|MAP_DENYWRITE, 3, 0x1b0000) = 0x7f9fb3bb0000
mmap(0x7f9fb3bff000, 24576, PROT_READ|PROT_WRITE, MAP_PRIVATE|MAP_FIXED|MAP_DENYWRITE, 3, 0x1fe000) = 0x7f9fb3bff000
mmap(0x7f9fb3c05000, 52624, PROT_READ|PROT_WRITE, MAP_PRIVATE|MAP_FIXED|MAP_ANONYMOUS, -1, 0) = 0x7f9fb3c05000
close(3)                                = 0
mmap(NULL, 12288, PROT_READ|PROT_WRITE, MAP_PRIVATE|MAP_ANONYMOUS, -1, 0) = 0x7f9fb3c5b000
arch_prctl(ARCH_SET_FS, 0x7f9fb3c5b740) = 0
set_tid_address(0x7f9fb3c5ba10)         = 51933
set_robust_list(0x7f9fb3c5ba20, 24)     = 0
rseq(0x7f9fb3c5c060, 0x20, 0, 0x53053053) = 0
mprotect(0x7f9fb3bff000, 16384, PROT_READ) = 0
mprotect(0x7f9fb3c8d000, 16384, PROT_READ) = 0
mprotect(0x55c8ca261000, 16384, PROT_READ) = 0
mprotect(0x7f9fb3cda000, 8192, PROT_READ) = 0
prlimit64(0, RLIMIT_STACK, NULL, {rlim_cur=16384*1024, rlim_max=RLIM64_INFINITY}) = 0
munmap(0x7f9fb3c92000, 38519)           = 0
openat(AT_FDCWD, "/dev/tty", O_RDWR|O_NONBLOCK) = -1 ENXIO (No such device or address)
ioctl(0, TCGETS, 0x7ffc6d9bd170)        = -1 ENOTTY (Inappropriate ioctl for device)
getrandom("\xb5\x4e\x9b\xe7\xaf\x0b\x98\xdb", 8, GRND_NONBLOCK) = 8
brk(NULL)                               = 0x55c8d2f1e000
brk(0x55c8d2f3f000)                     = 0x55c8d2f3f000
openat(AT_FDCWD, "/usr/lib/locale/locale-archive", O_RDONLY|O_CLOEXEC) = 3
fstat(3, {st_mode=S_IFREG|0644, st_size=3055776, ...}) = 0
mmap(NULL, 3055776, PROT_READ, MAP_PRIVATE, 3, 0) = 0x7f9fb3600000
close(3)                                = 0
openat(AT_FDCWD, "/usr/share/locale/locale.alias", O_RDONLY|O_CLOEXEC) = 3
fstat(3, {st_mode=S_IFREG|0644, st_size=2996, ...}) = 0
read(3, "# Locale name alias data base.\n#"..., 4096) = 2996
read(3, "", 4096)                       = 0
close(3)                                = 0
openat(AT_FDCWD, "/usr/lib/locale/C.UTF-8/LC_IDENTIFICATION", O_RDONLY|O_CLOEXEC) = -1 ENOENT (No such file or directory)
openat(AT_FDCWD, "/usr/lib/locale/C.utf8/LC_IDENTIFICATION", O_RDONLY|O_CLOEXEC) = 3
fstat(3, {st_mode=S_IFREG|0644, st_size=258, ...}) = 0
mmap(NULL, 258, PROT_READ, MAP_PRIVATE, 3, 0) = 0x7f9fb3c9b000
close(3)                                = 0
openat(AT_FDCWD, "/usr/lib/x86_64-linux-gnu/gconv/gconv-modules.cache", O_RDONLY|O_CLOEXEC) = 3
fstat(3, {st_mode=S_IFREG|0644, st_size=27028, ...}) = 0
mmap(NULL, 27028, PROT_READ, MAP_SHARED, 3, 0) = 0x7f9fb3c94000
close(3)                                = 0
futex(0x7f9fb3c0472c, FUTEX_WAKE_PRIVATE, 2147483647) = 0
openat(AT_FDCWD, "/usr/lib/locale/C.UTF-8/LC_MEASUREMENT", O_RDONLY|O_CLOEXEC) = -1 ENOENT (No such file or directory)
openat(AT_FDCWD, "/usr/lib/locale/C.utf8/LC_MEASUREMENT", O_RDONLY|O_CLOEXEC) = 3
fstat(3, {st_mode=S_IFREG|0644, st_size=23, ...}) = 0
mmap(NULL, 23, PROT_READ, MAP_PRIVATE, 3, 0) = 0x7f9fb3c93000
close(3)                                = 0
openat(AT_FDCWD, "/usr/lib/locale/C.UTF-8/LC_TELEPHONE", O_RDONLY|O_CLOEXEC) = -1 ENOENT (No such file or directory)
openat(AT_FDCWD, "/usr/lib/locale/C.utf8/LC_TELEPHONE", O_RDONLY|O_CLOEXEC) = 3
fstat(3, {st_mode=S_IFREG|0644, st_size=47, ...}) = 0
mmap(NULL, 47, PROT_READ, MAP_PRIVATE, 3, 0) = 0x7f9fb3c92000
close(3)                                = 0
openat(AT_FDCWD, "/usr/lib/locale/C.UTF-8/LC_ADDRESS", O_RDONLY|O_CLOEXEC) = -1 ENOENT (No such file or directory)
openat(AT_FDCWD, "/usr/lib/locale/C.utf8/LC_ADDRESS", O_RDONLY|O_CLOEXEC) = 3
fstat(3, {st_mode=S_IFREG|0644, st_size=127, ...}) = 0
mmap(NULL, 127, PROT_READ, MAP_PRIVATE, 3, 0) = 0x7f9fb3c5a000
close(3)                                = 0
openat(AT_FDCWD, "/usr/lib/locale/C.UTF-8/LC_NAME", O_RDONLY|O_CLOEXEC) = -1 ENOENT (No such file or directory)
openat(AT_FDCWD, "/usr/lib/locale/C.utf8/LC_NAME", O_RDONLY|O_CLOEXEC) = 3
fstat(3, {st_mode=S_IFREG|0644, st_size=62, ...}) = 0
mmap(NULL, 62, PROT_READ, MAP_PRIVATE, 3, 0) = 0x7f9fb3c59000
close(3)                                = 0
openat(AT_FDCWD, "/usr/lib/locale/C.UTF-8/LC_PAPER", O_RDONLY|O_CLOEXEC) = -1 ENOENT (No such file or directory)
openat(AT_FDCWD, "/usr/lib/locale/C.utf8/LC_PAPER", O_RDONLY|O_CLOEXEC) = 3
fstat(3, {st_mode=S_IFREG|0644, st_size=34, ...}) = 0
mmap(NULL, 34, PROT_READ, MAP_PRIVATE, 3, 0) = 0x7f9fb3c58000
close(3)                                = 0
openat(AT_FDCWD, "/usr/lib/locale/C.UTF-8/LC_MESSAGES", O_RDONLY|O_CLOEXEC) = -1 ENOENT (No such file or directory)
openat(AT_FDCWD, "/usr/lib/locale/C.utf8/LC_MESSAGES", O_RDONLY|O_CLOEXEC) = 3
fstat(3, {st_mode=S_IFDIR|0755, st_size=4096, ...}) = 0
close(3)                                = 0
openat(AT_FDCWD, "/usr/lib/locale/C.utf8/LC_MESSAGES/SYS_LC_MESSAGES", O_RDONLY|O_CLOEXEC) = 3
fstat(3, {st_mode=S_IFREG|0644, st_size=48, ...}) = 0
mmap(NULL, 48, PROT_READ, MAP_PRIVATE, 3, 0) = 0x7f9fb3c57000
close(3)                                = 0
openat(AT_FDCWD, "/usr/lib/locale/C.UTF-8/LC_MONETARY", O_RDONLY|O_CLOEXEC) = -1 ENOENT (No such file or directory)
openat(AT_FDCWD, "/usr/lib/locale/C.utf8/LC_MONETARY", O_RDONLY|O_CLOEXEC) = 3
fstat(3, {st_mode=S_IFREG|0644, st_size=270, ...}) = 0
mmap(NULL, 270, PROT_READ, MAP_PRIVATE, 3, 0) = 0x7f9fb3c56000
close(3)                                = 0
openat(AT_FDCWD, "/usr/lib/locale/C.UTF-8/LC_COLLATE", O_RDONLY|O_CLOEXEC) = -1 ENOENT (No such file or directory)
openat(AT_FDCWD, "/usr/lib/locale/C.utf8/LC_COLLATE", O_RDONLY|O_CLOEXEC) = 3
fstat(3, {st_mode=S_IFREG|0644, st_size=1406, ...}) = 0
mmap(NULL, 1406, PROT_READ, MAP_PRIVATE, 3, 0) = 0x7f9fb3c55000
close(3)                                = 0
openat(AT_FDCWD, "/usr/lib/locale/C.UTF-8/LC_TIME", O_RDONLY|O_CLOEXEC) = -1 ENOENT (No such file or directory)
openat(AT_FDCWD, "/usr/lib/locale/C.utf8/LC_TIME", O_RDONLY|O_CLOEXEC) = 3
fstat(3, {st_mode=S_IFREG|0644, st_size=3360, ...}) = 0
mmap(NULL, 3360, PROT_READ, MAP_PRIVATE, 3, 0) = 0x7f9fb3c54000
close(3)                                = 0
openat(AT_FDCWD, "/usr/lib/locale/C.UTF-8/LC_NUMERIC", O_RDONLY|O_CLOEXEC) = -1 ENOENT (No such file or directory)
openat(AT_FDCWD, "/usr/lib/locale/C.utf8/LC_NUMERIC", O_RDONLY|O_CLOEXEC) = 3
fstat(3, {st_mode=S_IFREG|0644, st_size=50, ...}) = 0
mmap(NULL, 50, PROT_READ, MAP_PRIVATE, 3, 0) = 0x7f9fb3c53000
close(3)                                = 0
openat(AT_FDCWD, "/usr/lib/locale/C.UTF-8/LC_CTYPE", O_RDONLY|O_CLOEXEC) = -1 ENOENT (No such file or directory)
openat(AT_FDCWD, "/usr/lib/locale/C.utf8/LC_CTYPE", O_RDONLY|O_CLOEXEC) = 3
fstat(3, {st_mode=S_IFREG|0644, st_size=360460, ...}) = 0
mmap(NULL, 360460, PROT_READ, MAP_PRIVATE, 3, 0) = 0x7f9fb39a7000
close(3)                                = 0
getuid()                                = 1001
getgid()                                = 1001
geteuid()                               = 1001
getegid()                               = 1001
rt_sigprocmask(SIG_BLOCK, NULL, [], 8)  = 0
rt_sigaction(SIGCHLD, {sa_handler=SIG_DFL, sa_mask=[], sa_flags=SA_RESTORER|SA_RESTART, sa_restorer=0x7f9fb3a45330}, {sa_handler=SIG_DFL, sa_mask=[], sa_flags=0}, 8) = 0
rt_sigaction(SIGCHLD, {sa_handler=SIG_DFL, sa_mask=[], sa_flags=SA_RESTORER|SA_RESTART, sa_restorer=0x7f9fb3a45330}, {sa_handler=SIG_DFL, sa_mask=[], sa_flags=SA_RESTORER|SA_RESTART, sa_restorer=0x7f9fb3a45330}, 8) = 0
rt_sigaction(SIGINT, {sa_handler=SIG_DFL, sa_mask=[], sa_flags=SA_RESTORER, sa_restorer=0x7f9fb3a45330}, {sa_handler=SIG_DFL, sa_mask=[], sa_flags=0}, 8) = 0
rt_sigaction(SIGINT, {sa_handler=SIG_DFL, sa_mask=[], sa_flags=SA_RESTORER, sa_restorer=0x7f9fb3a45330}, {sa_handler=SIG_DFL, sa_mask=[], sa_flags=SA_RESTORER, sa_restorer=0x7f9fb3a45330}, 8) = 0
rt_sigaction(SIGQUIT, {sa_handler=SIG_DFL, sa_mask=[], sa_flags=SA_RESTORER, sa_restorer=0x7f9fb3a45330}, {sa_handler=SIG_DFL, sa_mask=[], sa_flags=0}, 8) = 0
rt_sigaction(SIGQUIT, {sa_handler=SIG_DFL, sa_mask=[], sa_flags=SA_RESTORER, sa_restorer=0x7f9fb3a45330}, {sa_handler=SIG_DFL, sa_mask=[], sa_flags=SA_RESTORER, sa_restorer=0x7f9fb3a45330}, 8) = 0
rt_sigaction(SIGTSTP, {sa_handler=SIG_DFL, sa_mask=[], sa_flags=SA_RESTORER, sa_restorer=0x7f9fb3a45330}, {sa_handler=SIG_DFL, sa_mask=[], sa_flags=0}, 8) = 0
rt_sigaction(SIGTSTP, {sa_handler=SIG_DFL, sa_mask=[], sa_flags=SA_RESTORER, sa_restorer=0x7f9fb3a45330}, {sa_handler=SIG_DFL, sa_mask=[], sa_flags=SA_RESTORER, sa_restorer=0x7f9fb3a45330}, 8) = 0
rt_sigaction(SIGTTIN, {sa_handler=SIG_DFL, sa_mask=[], sa_flags=SA_RESTORER, sa_restorer=0x7f9fb3a45330}, {sa_handler=SIG_DFL, sa_mask=[], sa_flags=0}, 8) = 0
rt_sigaction(SIGTTIN, {sa_handler=SIG_DFL, sa_mask=[], sa_flags=SA_RESTORER, sa_restorer=0x7f9fb3a45330}, {sa_handler=SIG_DFL, sa_mask=[], sa_flags=SA_RESTORER, sa_restorer=0x7f9fb3a45330}, 8) = 0
rt_sigaction(SIGTTOU, {sa_handler=SIG_DFL, sa_mask=[], sa_flags=SA_RESTORER, sa_restorer=0x7f9fb3a45330}, {sa_handler=SIG_DFL, sa_mask=[], sa_flags=0}, 8) = 0
rt_sigaction(SIGTTOU, {sa_handler=SIG_DFL, sa_mask=[], sa_flags=SA_RESTORER, sa_restorer=0x7f9fb3a45330}, {sa_handler=SIG_DFL, sa_mask=[], sa_flags=SA_RESTORER, sa_restorer=0x7f9fb3a45330}, 8) = 0
rt_sigprocmask(SIG_BLOCK, NULL, [], 8)  = 0
rt_sigaction(SIGQUIT, {sa_handler=SIG_IGN, sa_mask=[], sa_flags=SA_RESTORER, sa_restorer=0x7f9fb3a45330}, {sa_handler=SIG_DFL, sa_mask=[], sa_flags=SA_RESTORER, sa_restorer=0x7f9fb3a45330}, 8) = 0
uname({sysname="Linux", nodename="runnervmi13qx", ...}) = 0
newfstatat(AT_FDCWD, "/home/runner/work/Azimuth/Azimuth", {st_mode=S_IFDIR|0755, st_size=4096, ...}, 0) = 0
newfstatat(AT_FDCWD, ".", {st_mode=S_IFDIR|0755, st_size=4096, ...}, 0) = 0
newfstatat(AT_FDCWD, "/home", {st_mode=S_IFDIR|0755, st_size=4096, ...}, 0) = 0
newfstatat(AT_FDCWD, "/home/runner", {st_mode=S_IFDIR|0750, st_size=4096, ...}, 0) = 0
newfstatat(AT_FDCWD, "/home/runner/work", {st_mode=S_IFDIR|0755, st_size=4096, ...}, 0) = 0
newfstatat(AT_FDCWD, "/home/runner/work/Azimuth", {st_mode=S_IFDIR|0755, st_size=4096, ...}, 0) = 0
newfstatat(AT_FDCWD, "/home/runner/work/Azimuth/Azimuth", {st_mode=S_IFDIR|0755, st_size=4096, ...}, 0) = 0
newfstatat(AT_FDCWD, "/home/runner/work/Azimuth/Azimuth", {st_mode=S_IFDIR|0755, st_size=4096, ...}, 0) = 0
getpid()                                = 51933
getppid()                               = 51930
getpid()                                = 51933
getppid()                               = 51930
getpid()                                = 51933
getppid()                               = 51930
getpgrp()                               = 2413
ioctl(2, TIOCGPGRP, 0x7ffc6d9bd084)     = -1 ENOTTY (Inappropriate ioctl for device)
rt_sigaction(SIGCHLD, {sa_handler=0x55c8ca173230, sa_mask=[], sa_flags=SA_RESTORER|SA_RESTART, sa_restorer=0x7f9fb3a45330}, {sa_handler=SIG_DFL, sa_mask=[], sa_flags=SA_RESTORER|SA_RESTART, sa_restorer=0x7f9fb3a45330}, 8) = 0
ioctl(2, TIOCGPGRP, 0x7ffc6d9bd034)     = -1 ENOTTY (Inappropriate ioctl for device)
prlimit64(0, RLIMIT_NPROC, NULL, {rlim_cur=63952, rlim_max=63952}) = 0
rt_sigprocmask(SIG_BLOCK, NULL, [], 8)  = 0
openat(AT_FDCWD, "./moon", O_RDONLY)    = 3
newfstatat(AT_FDCWD, "./moon", {st_mode=S_IFREG|0755, st_size=1623, ...}, 0) = 0
ioctl(3, TCGETS, 0x7ffc6d9bd190)        = -1 ENOTTY (Inappropriate ioctl for device)
lseek(3, 0, SEEK_CUR)                   = 0
read(3, "#!/bin/bash\n\n# \346\250\241\346\213\237 moon test "..., 80) = 80
lseek(3, 0, SEEK_SET)                   = 0
prlimit64(0, RLIMIT_NOFILE, NULL, {rlim_cur=64*1024, rlim_max=64*1024}) = 0
fcntl(255, F_GETFD)                     = -1 EBADF (Bad file descriptor)
dup2(3, 255)                            = 255
close(3)                                = 0
fcntl(255, F_SETFD, FD_CLOEXEC)         = 0
fcntl(255, F_GETFL)                     = 0x8000 (flags O_RDONLY|O_LARGEFILE)
fstat(255, {st_mode=S_IFREG|0755, st_size=1623, ...}) = 0
lseek(255, 0, SEEK_CUR)                 = 0
read(255, "#!/bin/bash\n\n# \346\250\241\346\213\237 moon test "..., 1623) = 1623
fstat(1, {st_mode=S_IFSOCK|0777, st_size=0, ...}) = 0
brk(0x55c8d2f60000)                     = 0x55c8d2f60000
write(1, "Running moon test...\n", 21)  = 21
write(1, "\n", 1)                       = 1
write(1, "Compiling azimuth...\n", 21)  = 21
rt_sigprocmask(SIG_BLOCK, [CHLD], [], 8) = 0
fcntl(0, F_GETFD)                       = 0
pipe2([3, 4], 0)                        = 0
rt_sigprocmask(SIG_BLOCK, NULL, [CHLD], 8) = 0
rt_sigprocmask(SIG_BLOCK, [INT TERM CHLD], [CHLD], 8) = 0
lseek(255, -58, SEEK_CUR)               = 1565
clone(child_stack=NULL, flags=CLONE_CHILD_CLEARTID|CLONE_CHILD_SETTID|SIGCHLD, child_tidptr=0x7f9fb3c5ba10) = 51934
rt_sigprocmask(SIG_SETMASK, [CHLD], NULL, 8) = 0
close(4)                                = 0
close(4)                                = -1 EBADF (Bad file descriptor)
rt_sigprocmask(SIG_BLOCK, NULL, [CHLD], 8) = 0
rt_sigprocmask(SIG_BLOCK, [INT TERM CHLD], [CHLD], 8) = 0
clone(child_stack=NULL, flags=CLONE_CHILD_CLEARTID|CLONE_CHILD_SETTID|SIGCHLD, child_tidptr=0x7f9fb3c5ba10) = 51935
rt_sigprocmask(SIG_SETMASK, [CHLD], NULL, 8) = 0
close(3)                                = 0
rt_sigprocmask(SIG_BLOCK, [CHLD], [CHLD], 8) = 0
rt_sigprocmask(SIG_SETMASK, [CHLD], NULL, 8) = 0
rt_sigprocmask(SIG_BLOCK, [CHLD], [CHLD], 8) = 0
rt_sigaction(SIGINT, {sa_handler=0x55c8ca175750, sa_mask=[], sa_flags=SA_RESTORER, sa_restorer=0x7f9fb3a45330}, {sa_handler=SIG_DFL, sa_mask=[], sa_flags=SA_RESTORER, sa_restorer=0x7f9fb3a45330}, 8) = 0
wait4(-1, [{WIFEXITED(s) && WEXITSTATUS(s) == 0}], 0, NULL) = 51934
wait4(-1, [{WIFEXITED(s) && WEXITSTATUS(s) == 0}], 0, NULL) = 51935
rt_sigaction(SIGINT, {sa_handler=SIG_DFL, sa_mask=[], sa_flags=SA_RESTORER, sa_restorer=0x7f9fb3a45330}, {sa_handler=0x55c8ca175750, sa_mask=[], sa_flags=SA_RESTORER, sa_restorer=0x7f9fb3a45330}, 8) = 0
ioctl(2, TIOCGWINSZ, 0x7ffc6d9bb8a0)    = -1 ENOTTY (Inappropriate ioctl for device)
rt_sigprocmask(SIG_SETMASK, [CHLD], NULL, 8) = 0
close(3)                                = -1 EBADF (Bad file descriptor)
rt_sigprocmask(SIG_SETMASK, [], NULL, 8) = 0
--- SIGCHLD {si_signo=SIGCHLD, si_code=CLD_EXITED, si_pid=51934, si_uid=1001, si_status=0, si_utime=0, si_stime=0} ---
wait4(-1, 0x7ffc6d9bb5d0, WNOHANG, NULL) = -1 ECHILD (No child processes)
rt_sigreturn({mask=[]})                 = 0
rt_sigprocmask(SIG_BLOCK, [CHLD], [], 8) = 0
fcntl(0, F_GETFD)                       = 0
pipe2([3, 4], 0)                        = 0
rt_sigprocmask(SIG_BLOCK, NULL, [CHLD], 8) = 0
rt_sigprocmask(SIG_BLOCK, [INT TERM CHLD], [CHLD], 8) = 0
clone(child_stack=NULL, flags=CLONE_CHILD_CLEARTID|CLONE_CHILD_SETTID|SIGCHLD, child_tidptr=0x7f9fb3c5ba10) = 51936
rt_sigprocmask(SIG_SETMASK, [CHLD], NULL, 8) = 0
close(4)                                = 0
close(4)                                = -1 EBADF (Bad file descriptor)
rt_sigprocmask(SIG_BLOCK, NULL, [CHLD], 8) = 0
rt_sigprocmask(SIG_BLOCK, [INT TERM CHLD], [CHLD], 8) = 0
clone(child_stack=NULL, flags=CLONE_CHILD_CLEARTID|CLONE_CHILD_SETTID|SIGCHLD, child_tidptr=0x7f9fb3c5ba10) = 51937
rt_sigprocmask(SIG_SETMASK, [CHLD], NULL, 8) = 0
close(3)                                = 0
rt_sigprocmask(SIG_BLOCK, [CHLD], [CHLD], 8) = 0
rt_sigprocmask(SIG_SETMASK, [CHLD], NULL, 8) = 0
rt_sigprocmask(SIG_BLOCK, [CHLD], [CHLD], 8) = 0
rt_sigaction(SIGINT, {sa_handler=0x55c8ca175750, sa_mask=[], sa_flags=SA_RESTORER, sa_restorer=0x7f9fb3a45330}, {sa_handler=SIG_DFL, sa_mask=[], sa_flags=SA_RESTORER, sa_restorer=0x7f9fb3a45330}, 8) = 0
wait4(-1, [{WIFEXITED(s) && WEXITSTATUS(s) == 0}], 0, NULL) = 51936
wait4(-1, [{WIFEXITED(s) && WEXITSTATUS(s) == 0}], 0, NULL) = 51937
rt_sigaction(SIGINT, {sa_handler=SIG_DFL, sa_mask=[], sa_flags=SA_RESTORER, sa_restorer=0x7f9fb3a45330}, {sa_handler=0x55c8ca175750, sa_mask=[], sa_flags=SA_RESTORER, sa_restorer=0x7f9fb3a45330}, 8) = 0
ioctl(2, TIOCGWINSZ, 0x7ffc6d9bb9e0)    = -1 ENOTTY (Inappropriate ioctl for device)
rt_sigprocmask(SIG_SETMASK, [CHLD], NULL, 8) = 0
close(3)                                = -1 EBADF (Bad file descriptor)
rt_sigprocmask(SIG_SETMASK, [], NULL, 8) = 0
--- SIGCHLD {si_signo=SIGCHLD, si_code=CLD_EXITED, si_pid=51936, si_uid=1001, si_status=0, si_utime=0, si_stime=0} ---
wait4(-1, 0x7ffc6d9bb710, WNOHANG, NULL) = -1 ECHILD (No child processes)
rt_sigreturn({mask=[]})                 = 0
write(1, "\n", 1)                       = 1
write(1, "Testing azimuth...\n", 19)    = 19
write(1, "\n", 1)                       = 1
rt_sigprocmask(SIG_BLOCK, NULL, [], 8)  = 0
pipe2([3, 4], 0)                        = 0
rt_sigprocmask(SIG_BLOCK, [CHLD], [], 8) = 0
rt_sigprocmask(SIG_SETMASK, [], NULL, 8) = 0
rt_sigprocmask(SIG_BLOCK, NULL, [], 8)  = 0
rt_sigprocmask(SIG_BLOCK, [INT TERM CHLD], [], 8) = 0
clone(child_stack=NULL, flags=CLONE_CHILD_CLEARTID|CLONE_CHILD_SETTID|SIGCHLD, child_tidptr=0x7f9fb3c5ba10) = 51938
rt_sigprocmask(SIG_SETMASK, [], NULL, 8) = 0
rt_sigaction(SIGCHLD, {sa_handler=0x55c8ca173230, sa_mask=[], sa_flags=SA_RESTORER|SA_RESTART, sa_restorer=0x7f9fb3a45330}, {sa_handler=0x55c8ca173230, sa_mask=[], sa_flags=SA_RESTORER|SA_RESTART, sa_restorer=0x7f9fb3a45330}, 8) = 0
close(4)                                = 0
rt_sigprocmask(SIG_BLOCK, [INT], [], 8) = 0
read(3, "src/azimuth/test/debug_test.mbt\n"..., 4096) = 94
read(3, "", 4096)                       = 0
--- SIGCHLD {si_signo=SIGCHLD, si_code=CLD_EXITED, si_pid=51938, si_uid=1001, si_status=0, si_utime=0, si_stime=0} ---
wait4(-1, [{WIFEXITED(s) && WEXITSTATUS(s) == 0}], WNOHANG, NULL) = 51938
wait4(-1, 0x7ffc6d9ba750, WNOHANG, NULL) = -1 ECHILD (No child processes)
rt_sigreturn({mask=[INT]})              = 0
close(3)                                = 0
rt_sigprocmask(SIG_SETMASK, [], NULL, 8) = 0
rt_sigprocmask(SIG_BLOCK, [CHLD], [], 8) = 0
rt_sigaction(SIGINT, {sa_handler=0x55c8ca175750, sa_mask=[], sa_flags=SA_RESTORER, sa_restorer=0x7f9fb3a45330}, {sa_handler=SIG_DFL, sa_mask=[], sa_flags=SA_RESTORER, sa_restorer=0x7f9fb3a45330}, 8) = 0
rt_sigaction(SIGINT, {sa_handler=SIG_DFL, sa_mask=[], sa_flags=SA_RESTORER, sa_restorer=0x7f9fb3a45330}, {sa_handler=0x55c8ca175750, sa_mask=[], sa_flags=SA_RESTORER, sa_restorer=0x7f9fb3a45330}, 8) = 0
rt_sigprocmask(SIG_SETMASK, [], NULL, 8) = 0
rt_sigprocmask(SIG_BLOCK, NULL, [], 8)  = 0
pipe2([3, 4], 0)                        = 0
rt_sigprocmask(SIG_BLOCK, [CHLD], [], 8) = 0
rt_sigprocmask(SIG_SETMASK, [], NULL, 8) = 0
rt_sigprocmask(SIG_BLOCK, NULL, [], 8)  = 0
rt_sigprocmask(SIG_BLOCK, [INT TERM CHLD], [], 8) = 0
clone(child_stack=NULL, flags=CLONE_CHILD_CLEARTID|CLONE_CHILD_SETTID|SIGCHLD, child_tidptr=0x7f9fb3c5ba10) = 51940
rt_sigprocmask(SIG_SETMASK, [], NULL, 8) = 0
rt_sigaction(SIGCHLD, {sa_handler=0x55c8ca173230, sa_mask=[], sa_flags=SA_RESTORER|SA_RESTART, sa_restorer=0x7f9fb3a45330}, {sa_handler=0x55c8ca173230, sa_mask=[], sa_flags=SA_RESTORER|SA_RESTART, sa_restorer=0x7f9fb3a45330}, 8) = 0
close(4)                                = 0
rt_sigprocmask(SIG_BLOCK, [INT], [], 8) = 0
read(3, "debug_add\ndebug_multiply\n", 4096) = 25
read(3, "", 4096)                       = 0
--- SIGCHLD {si_signo=SIGCHLD, si_code=CLD_EXITED, si_pid=51940, si_uid=1001, si_status=0, si_utime=0, si_stime=0} ---
wait4(-1, [{WIFEXITED(s) && WEXITSTATUS(s) == 0}], WNOHANG, NULL) = 51940
wait4(-1, 0x7ffc6d9ba9d0, WNOHANG, NULL) = -1 ECHILD (No child processes)
rt_sigreturn({mask=[INT]})              = 0
close(3)                                = 0
rt_sigprocmask(SIG_SETMASK, [], NULL, 8) = 0
rt_sigprocmask(SIG_BLOCK, [CHLD], [], 8) = 0
rt_sigaction(SIGINT, {sa_handler=0x55c8ca175750, sa_mask=[], sa_flags=SA_RESTORER, sa_restorer=0x7f9fb3a45330}, {sa_handler=SIG_DFL, sa_mask=[], sa_flags=SA_RESTORER, sa_restorer=0x7f9fb3a45330}, 8) = 0
rt_sigaction(SIGINT, {sa_handler=SIG_DFL, sa_mask=[], sa_flags=SA_RESTORER, sa_restorer=0x7f9fb3a45330}, {sa_handler=0x55c8ca175750, sa_mask=[], sa_flags=SA_RESTORER, sa_restorer=0x7f9fb3a45330}, 8) = 0
rt_sigprocmask(SIG_SETMASK, [], NULL, 8) = 0
pipe2([3, 4], 0)                        = 0
fcntl(4, F_GETPIPE_SZ)                  = 65536
write(4, "debug_add\ndebug_multiply\n", 25) = 25
close(4)                                = 0
fcntl(0, F_GETFD)                       = 0
fcntl(0, F_DUPFD, 10)                   = 10
fcntl(0, F_GETFD)                       = 0
fcntl(10, F_SETFD, FD_CLOEXEC)          = 0
dup2(3, 0)                              = 0
close(3)                                = 0
rt_sigprocmask(SIG_BLOCK, NULL, [], 8)  = 0
ioctl(0, TCGETS, 0x7ffc6d9bc070)        = -1 ENOTTY (Inappropriate ioctl for device)
lseek(0, 0, SEEK_CUR)                   = -1 ESPIPE (Illegal seek)
read(0, "d", 1)                         = 1
read(0, "e", 1)                         = 1
read(0, "b", 1)                         = 1
read(0, "u", 1)                         = 1
read(0, "g", 1)                         = 1
read(0, "_", 1)                         = 1
read(0, "a", 1)                         = 1
read(0, "d", 1)                         = 1
read(0, "d", 1)                         = 1
read(0, "\n", 1)                        = 1
rt_sigprocmask(SIG_BLOCK, [CHLD], [], 8) = 0
rt_sigprocmask(SIG_SETMASK, [], NULL, 8) = 0
write(1, "test debug_add ... ok\n", 22) = 22
rt_sigprocmask(SIG_BLOCK, NULL, [], 8)  = 0
ioctl(0, TCGETS, 0x7ffc6d9bc070)        = -1 ENOTTY (Inappropriate ioctl for device)
lseek(0, 0, SEEK_CUR)                   = -1 ESPIPE (Illegal seek)
read(0, "d", 1)                         = 1
read(0, "e", 1)                         = 1
read(0, "b", 1)                         = 1
read(0, "u", 1)                         = 1
read(0, "g", 1)                         = 1
read(0, "_", 1)                         = 1
read(0, "m", 1)                         = 1
read(0, "u", 1)                         = 1
read(0, "l", 1)                         = 1
read(0, "t", 1)                         = 1
read(0, "i", 1)                         = 1
read(0, "p", 1)                         = 1
read(0, "l", 1)                         = 1
read(0, "y", 1)                         = 1
read(0, "\n", 1)                        = 1
rt_sigprocmask(SIG_BLOCK, [CHLD], [], 8) = 0
rt_sigprocmask(SIG_SETMASK, [], NULL, 8) = 0
write(1, "test debug_multiply ... ok\n", 27) = 27
rt_sigprocmask(SIG_BLOCK, NULL, [], 8)  = 0
ioctl(0, TCGETS, 0x7ffc6d9bc070)        = -1 ENOTTY (Inappropriate ioctl for device)
lseek(0, 0, SEEK_CUR)                   = -1 ESPIPE (Illegal seek)
read(0, "", 1)                          = 0
rt_sigprocmask(SIG_BLOCK, [CHLD], [], 8) = 0
rt_sigprocmask(SIG_SETMASK, [], NULL, 8) = 0
dup2(10, 0)                             = 0
fcntl(10, F_GETFD)                      = 0x1 (flags FD_CLOEXEC)
close(10)                               = 0
rt_sigprocmask(SIG_BLOCK, [CHLD], [], 8) = 0
rt_sigprocmask(SIG_SETMASK, [], NULL, 8) = 0
rt_sigprocmask(SIG_BLOCK, NULL, [], 8)  = 0
pipe2([3, 4], 0)                        = 0
rt_sigprocmask(SIG_BLOCK, [CHLD], [], 8) = 0
rt_sigprocmask(SIG_SETMASK, [], NULL, 8) = 0
rt_sigprocmask(SIG_BLOCK, NULL, [], 8)  = 0
rt_sigprocmask(SIG_BLOCK, [INT TERM CHLD], [], 8) = 0
clone(child_stack=NULL, flags=CLONE_CHILD_CLEARTID|CLONE_CHILD_SETTID|SIGCHLD, child_tidptr=0x7f9fb3c5ba10) = 51943
rt_sigprocmask(SIG_SETMASK, [], NULL, 8) = 0
rt_sigaction(SIGCHLD, {sa_handler=0x55c8ca173230, sa_mask=[], sa_flags=SA_RESTORER|SA_RESTART, sa_restorer=0x7f9fb3a45330}, {sa_handler=0x55c8ca173230, sa_mask=[], sa_flags=SA_RESTORER|SA_RESTART, sa_restorer=0x7f9fb3a45330}, 8) = 0
close(4)                                = 0
rt_sigprocmask(SIG_BLOCK, [INT], [], 8) = 0
read(3, "extra_test\nadd_boundary_test\nmul"..., 4096) = 52
read(3, "", 4096)                       = 0
--- SIGCHLD {si_signo=SIGCHLD, si_code=CLD_EXITED, si_pid=51943, si_uid=1001, si_status=0, si_utime=0, si_stime=0} ---
wait4(-1, [{WIFEXITED(s) && WEXITSTATUS(s) == 0}], WNOHANG, NULL) = 51943
wait4(-1, 0x7ffc6d9ba9d0, WNOHANG, NULL) = -1 ECHILD (No child processes)
rt_sigreturn({mask=[INT]})              = 0
close(3)                                = 0
rt_sigprocmask(SIG_SETMASK, [], NULL, 8) = 0
rt_sigprocmask(SIG_BLOCK, [CHLD], [], 8) = 0
rt_sigaction(SIGINT, {sa_handler=0x55c8ca175750, sa_mask=[], sa_flags=SA_RESTORER, sa_restorer=0x7f9fb3a45330}, {sa_handler=SIG_DFL, sa_mask=[], sa_flags=SA_RESTORER, sa_restorer=0x7f9fb3a45330}, 8) = 0
rt_sigaction(SIGINT, {sa_handler=SIG_DFL, sa_mask=[], sa_flags=SA_RESTORER, sa_restorer=0x7f9fb3a45330}, {sa_handler=0x55c8ca175750, sa_mask=[], sa_flags=SA_RESTORER, sa_restorer=0x7f9fb3a45330}, 8) = 0
rt_sigprocmask(SIG_SETMASK, [], NULL, 8) = 0
pipe2([3, 4], 0)                        = 0
fcntl(4, F_GETPIPE_SZ)                  = 65536
write(4, "extra_test\nadd_boundary_test\nmul"..., 52) = 52
close(4)                                = 0
fcntl(0, F_GETFD)                       = 0
fcntl(0, F_DUPFD, 10)                   = 10
fcntl(0, F_GETFD)                       = 0
fcntl(10, F_SETFD, FD_CLOEXEC)          = 0
dup2(3, 0)                              = 0
close(3)                                = 0
rt_sigprocmask(SIG_BLOCK, NULL, [], 8)  = 0
ioctl(0, TCGETS, 0x7ffc6d9bc070)        = -1 ENOTTY (Inappropriate ioctl for device)
lseek(0, 0, SEEK_CUR)                   = -1 ESPIPE (Illegal seek)
read(0, "e", 1)                         = 1
read(0, "x", 1)                         = 1
read(0, "t", 1)                         = 1
read(0, "r", 1)                         = 1
read(0, "a", 1)                         = 1
read(0, "_", 1)                         = 1
read(0, "t", 1)                         = 1
read(0, "e", 1)                         = 1
read(0, "s", 1)                         = 1
read(0, "t", 1)                         = 1
read(0, "\n", 1)                        = 1
rt_sigprocmask(SIG_BLOCK, [CHLD], [], 8) = 0
rt_sigprocmask(SIG_SETMASK, [], NULL, 8) = 0
write(1, "test extra_test ... ok\n", 23) = 23
rt_sigprocmask(SIG_BLOCK, NULL, [], 8)  = 0
ioctl(0, TCGETS, 0x7ffc6d9bc070)        = -1 ENOTTY (Inappropriate ioctl for device)
lseek(0, 0, SEEK_CUR)                   = -1 ESPIPE (Illegal seek)
read(0, "a", 1)                         = 1
read(0, "d", 1)                         = 1
read(0, "d", 1)                         = 1
read(0, "_", 1)                         = 1
read(0, "b", 1)                         = 1
read(0, "o", 1)                         = 1
read(0, "u", 1)                         = 1
read(0, "n", 1)                         = 1
read(0, "d", 1)                         = 1
read(0, "a", 1)                         = 1
read(0, "r", 1)                         = 1
read(0, "y", 1)                         = 1
read(0, "_", 1)                         = 1
read(0, "t", 1)                         = 1
read(0, "e", 1)                         = 1
read(0, "s", 1)                         = 1
read(0, "t", 1)                         = 1
read(0, "\n", 1)                        = 1
rt_sigprocmask(SIG_BLOCK, [CHLD], [], 8) = 0
rt_sigprocmask(SIG_SETMASK, [], NULL, 8) = 0
write(1, "test add_boundary_test ... ok\n", 30) = 30
rt_sigprocmask(SIG_BLOCK, NULL, [], 8)  = 0
ioctl(0, TCGETS, 0x7ffc6d9bc070)        = -1 ENOTTY (Inappropriate ioctl for device)
lseek(0, 0, SEEK_CUR)                   = -1 ESPIPE (Illegal seek)
read(0, "m", 1)                         = 1
read(0, "u", 1)                         = 1
read(0, "l", 1)                         = 1
read(0, "t", 1)                         = 1
read(0, "i", 1)                         = 1
read(0, "p", 1)                         = 1
read(0, "l", 1)                         = 1
read(0, "y", 1)                         = 1
read(0, "_", 1)                         = 1
read(0, "b", 1)                         = 1
read(0, "o", 1)                         = 1
read(0, "u", 1)                         = 1
read(0, "n", 1)                         = 1
read(0, "d", 1)                         = 1
read(0, "a", 1)                         = 1
read(0, "r", 1)                         = 1
read(0, "y", 1)                         = 1
read(0, "_", 1)                         = 1
read(0, "t", 1)                         = 1
read(0, "e", 1)                         = 1
read(0, "s", 1)                         = 1
read(0, "t", 1)                         = 1
read(0, "\n", 1)                        = 1
rt_sigprocmask(SIG_BLOCK, [CHLD], [], 8) = 0
rt_sigprocmask(SIG_SETMASK, [], NULL, 8) = 0
write(1, "test multiply_boundary_test ... "..., 35) = 35
rt_sigprocmask(SIG_BLOCK, NULL, [], 8)  = 0
ioctl(0, TCGETS, 0x7ffc6d9bc070)        = -1 ENOTTY (Inappropriate ioctl for device)
lseek(0, 0, SEEK_CUR)                   = -1 ESPIPE (Illegal seek)
read(0, "", 1)                          = 0
rt_sigprocmask(SIG_BLOCK, [CHLD], [], 8) = 0
rt_sigprocmask(SIG_SETMASK, [], NULL, 8) = 0
dup2(10, 0)                             = 0
fcntl(10, F_GETFD)                      = 0x1 (flags FD_CLOEXEC)
close(10)                               = 0
rt_sigprocmask(SIG_BLOCK, [CHLD], [], 8) = 0
rt_sigprocmask(SIG_SETMASK, [], NULL, 8) = 0
rt_sigprocmask(SIG_BLOCK, NULL, [], 8)  = 0
pipe2([3, 4], 0)                        = 0
rt_sigprocmask(SIG_BLOCK, [CHLD], [], 8) = 0
rt_sigprocmask(SIG_SETMASK, [], NULL, 8) = 0
rt_sigprocmask(SIG_BLOCK, NULL, [], 8)  = 0
rt_sigprocmask(SIG_BLOCK, [INT TERM CHLD], [], 8) = 0
clone(child_stack=NULL, flags=CLONE_CHILD_CLEARTID|CLONE_CHILD_SETTID|SIGCHLD, child_tidptr=0x7f9fb3c5ba10) = 51946
rt_sigprocmask(SIG_SETMASK, [], NULL, 8) = 0
rt_sigaction(SIGCHLD, {sa_handler=0x55c8ca173230, sa_mask=[], sa_flags=SA_RESTORER|SA_RESTART, sa_restorer=0x7f9fb3a45330}, {sa_handler=0x55c8ca173230, sa_mask=[], sa_flags=SA_RESTORER|SA_RESTART, sa_restorer=0x7f9fb3a45330}, 8) = 0
close(4)                                = 0
rt_sigprocmask(SIG_BLOCK, [INT], [], 8) = 0
read(3, "add_functions\nmultiply_functions"..., 4096) = 48
read(3, "", 4096)                       = 0
--- SIGCHLD {si_signo=SIGCHLD, si_code=CLD_EXITED, si_pid=51946, si_uid=1001, si_status=0, si_utime=0, si_stime=0} ---
wait4(-1, [{WIFEXITED(s) && WEXITSTATUS(s) == 0}], WNOHANG, NULL) = 51946
wait4(-1, 0x7ffc6d9ba9d0, WNOHANG, NULL) = -1 ECHILD (No child processes)
rt_sigreturn({mask=[INT]})              = 0
close(3)                                = 0
rt_sigprocmask(SIG_SETMASK, [], NULL, 8) = 0
rt_sigprocmask(SIG_BLOCK, [CHLD], [], 8) = 0
rt_sigaction(SIGINT, {sa_handler=0x55c8ca175750, sa_mask=[], sa_flags=SA_RESTORER, sa_restorer=0x7f9fb3a45330}, {sa_handler=SIG_DFL, sa_mask=[], sa_flags=SA_RESTORER, sa_restorer=0x7f9fb3a45330}, 8) = 0
rt_sigaction(SIGINT, {sa_handler=SIG_DFL, sa_mask=[], sa_flags=SA_RESTORER, sa_restorer=0x7f9fb3a45330}, {sa_handler=0x55c8ca175750, sa_mask=[], sa_flags=SA_RESTORER, sa_restorer=0x7f9fb3a45330}, 8) = 0
rt_sigprocmask(SIG_SETMASK, [], NULL, 8) = 0
pipe2([3, 4], 0)                        = 0
fcntl(4, F_GETPIPE_SZ)                  = 65536
write(4, "add_functions\nmultiply_functions"..., 48) = 48
close(4)                                = 0
fcntl(0, F_GETFD)                       = 0
fcntl(0, F_DUPFD, 10)                   = 10
fcntl(0, F_GETFD)                       = 0
fcntl(10, F_SETFD, FD_CLOEXEC)          = 0
dup2(3, 0)                              = 0
close(3)                                = 0
rt_sigprocmask(SIG_BLOCK, NULL, [], 8)  = 0
ioctl(0, TCGETS, 0x7ffc6d9bc070)        = -1 ENOTTY (Inappropriate ioctl for device)
lseek(0, 0, SEEK_CUR)                   = -1 ESPIPE (Illegal seek)
read(0, "a", 1)                         = 1
read(0, "d", 1)                         = 1
read(0, "d", 1)                         = 1
read(0, "_", 1)                         = 1
read(0, "f", 1)                         = 1
read(0, "u", 1)                         = 1
read(0, "n", 1)                         = 1
read(0, "c", 1)                         = 1
read(0, "t", 1)                         = 1
read(0, "i", 1)                         = 1
read(0, "o", 1)                         = 1
read(0, "n", 1)                         = 1
read(0, "s", 1)                         = 1
read(0, "\n", 1)                        = 1
rt_sigprocmask(SIG_BLOCK, [CHLD], [], 8) = 0
rt_sigprocmask(SIG_SETMASK, [], NULL, 8) = 0
write(1, "test add_functions ... ok\n", 26) = 26
rt_sigprocmask(SIG_BLOCK, NULL, [], 8)  = 0
ioctl(0, TCGETS, 0x7ffc6d9bc070)        = -1 ENOTTY (Inappropriate ioctl for device)
lseek(0, 0, SEEK_CUR)                   = -1 ESPIPE (Illegal seek)
read(0, "m", 1)                         = 1
read(0, "u", 1)                         = 1
read(0, "l", 1)                         = 1
read(0, "t", 1)                         = 1
read(0, "i", 1)                         = 1
read(0, "p", 1)                         = 1
read(0, "l", 1)                         = 1
read(0, "y", 1)                         = 1
read(0, "_", 1)                         = 1
read(0, "f", 1)                         = 1
read(0, "u", 1)                         = 1
read(0, "n", 1)                         = 1
read(0, "c", 1)                         = 1
read(0, "t", 1)                         = 1
read(0, "i", 1)                         = 1
read(0, "o", 1)                         = 1
read(0, "n", 1)                         = 1
read(0, "s", 1)                         = 1
read(0, "\n", 1)                        = 1
rt_sigprocmask(SIG_BLOCK, [CHLD], [], 8) = 0
rt_sigprocmask(SIG_SETMASK, [], NULL, 8) = 0
write(1, "test multiply_functions ... ok\n", 31) = 31
rt_sigprocmask(SIG_BLOCK, NULL, [], 8)  = 0
ioctl(0, TCGETS, 0x7ffc6d9bc070)        = -1 ENOTTY (Inappropriate ioctl for device)
lseek(0, 0, SEEK_CUR)                   = -1 ESPIPE (Illegal seek)
read(0, "g", 1)                         = 1
read(0, "r", 1)                         = 1
read(0, "e", 1)                         = 1
read(0, "e", 1)                         = 1
read(0, "t", 1)                         = 1
read(0, "_", 1)                         = 1
read(0, "f", 1)                         = 1
read(0, "u", 1)                         = 1
read(0, "n", 1)                         = 1
read(0, "c", 1)                         = 1
read(0, "t", 1)                         = 1
read(0, "i", 1)                         = 1
read(0, "o", 1)                         = 1
read(0, "n", 1)                         = 1
read(0, "\n", 1)                        = 1
rt_sigprocmask(SIG_BLOCK, [CHLD], [], 8) = 0
rt_sigprocmask(SIG_SETMASK, [], NULL, 8) = 0
write(1, "test greet_function ... ok\n", 27) = 27
rt_sigprocmask(SIG_BLOCK, NULL, [], 8)  = 0
ioctl(0, TCGETS, 0x7ffc6d9bc070)        = -1 ENOTTY (Inappropriate ioctl for device)
lseek(0, 0, SEEK_CUR)                   = -1 ESPIPE (Illegal seek)
read(0, "", 1)                          = 0
rt_sigprocmask(SIG_BLOCK, [CHLD], [], 8) = 0
rt_sigprocmask(SIG_SETMASK, [], NULL, 8) = 0
dup2(10, 0)                             = 0
fcntl(10, F_GETFD)                      = 0x1 (flags FD_CLOEXEC)
close(10)                               = 0
rt_sigprocmask(SIG_BLOCK, [CHLD], [], 8) = 0
rt_sigprocmask(SIG_SETMASK, [], NULL, 8) = 0
write(1, "\n", 1)                       = 1
write(1, "8 tests passed, 0 failed\n", 25) = 25
rt_sigprocmask(SIG_BLOCK, [CHLD], [], 8) = 0
rt_sigprocmask(SIG_SETMASK, [], NULL, 8) = 0
exit_group(0)                           = ?
+++ exited with 0 +++
