write(1, "Running moon test...\n", 21)  = 21
write(1, "\n", 1)                       = 1
write(1, "Compiling azimuth...\n", 21)  = 21
--- SIGCHLD {si_signo=SIGCHLD, si_code=CLD_EXITED, si_pid=47684, si_uid=1001, si_status=0, si_utime=0, si_stime=0} ---
--- SIGCHLD {si_signo=SIGCHLD, si_code=CLD_EXITED, si_pid=47686, si_uid=1001, si_status=0, si_utime=0, si_stime=0} ---
write(1, "\n", 1)                       = 1
write(1, "Testing azimuth...\n", 19)    = 19
write(1, "\n", 1)                       = 1
--- SIGCHLD {si_signo=SIGCHLD, si_code=CLD_EXITED, si_pid=47688, si_uid=1001, si_status=0, si_utime=0, si_stime=0} ---
--- SIGCHLD {si_signo=SIGCHLD, si_code=CLD_EXITED, si_pid=47690, si_uid=1001, si_status=0, si_utime=0, si_stime=0} ---
write(4, "extra_test\nadd_boundary_test\nmul"..., 52) = 52
write(1, "test extra_test ... ok\n", 23) = 23
write(1, "test add_boundary_test ... ok\n", 30) = 30
write(1, "test multiply_boundary_test ... "..., 35) = 35
--- SIGCHLD {si_signo=SIGCHLD, si_code=CLD_EXITED, si_pid=47693, si_uid=1001, si_status=0, si_utime=0, si_stime=0} ---
write(4, "add_functions\nmultiply_functions"..., 48) = 48
write(1, "test add_functions ... ok\n", 26) = 26
write(1, "test multiply_functions ... ok\n", 31) = 31
write(1, "test greet_function ... ok\n", 27) = 27
write(1, "\n", 1)                       = 1
write(1, "6 tests passed, 0 failed\n", 25) = 25
+++ exited with 0 +++
