azimuth/lib.mbt:705:7-705:8 [E0002] Warning (unused_value): Unused variable 'n'
azimuth/lib.mbt:740:7-740:13 [E0002] Warning (unused_value): Unused variable 'number'
azimuth/lib.mbt:826:7-826:12 [E0002] Warning (unused_value): Unused variable 'power'
azimuth/lib.mbt:1058:7-1058:15 [E0002] Warning (unused_value): Unused variable 'template'
azimuth/lib.mbt:1198:7-1198:20 [E0002] Warning (unused_value): Unused variable 'growth_factor'
azimuth/lib.mbt:1199:7-1199:14 [E0002] Warning (unused_value): Unused variable 'periods'
azimuth/lib.mbt:1242:7-1242:13 [E0002] Warning (unused_value): Unused variable 'number'
azimuth/lib.mbt:1256:7-1256:19 [E0002] Warning (unused_value): Unused variable 'integer_part'
azimuth/lib.mbt:1257:7-1257:19 [E0002] Warning (unused_value): Unused variable 'decimal_part'
azimuth/lib.mbt:1264:7-1264:18 [E0002] Warning (unused_value): Unused variable 'time_string'
azimuth/lib.mbt:1265:7-1265:22 [E0002] Warning (unused_value): Unused variable 'datetime_string'
azimuth/lib.mbt:1274:7-1274:8 [E0002] Warning (unused_value): Unused variable 'n'
azimuth/lib.mbt:1304:7-1304:12 [E0002] Warning (unused_value): Unused variable 'input'
azimuth/lib.mbt:1354:7-1354:20 [E0002] Warning (unused_value): Unused variable 'total_records'
azimuth/lib.mbt:1355:7-1355:14 [E0002] Warning (unused_value): Unused variable 'fan_out'
azimuth/lib.mbt:1356:7-1356:12 [E0002] Warning (unused_value): Unused variable 'depth'
azimuth/lib.mbt:1413:7-1413:15 [E0002] Warning (unused_value): Unused variable 'vertices'
azimuth/lib.mbt:1562:7-1562:8 [E0002] Warning (unused_value): Unused variable 'n'
azimuth/lib.mbt:1691:7-1691:20 [E0002] Warning (unused_value): Unused variable 'index_lookups'
azimuth/lib.mbt:1707:7-1707:17 [E0002] Warning (unused_value): Unused variable 'key_length'
azimuth/lib.mbt:1758:7-1758:8 [E0002] Warning (unused_value): Unused variable 'a'
azimuth/lib.mbt:1759:7-1759:8 [E0002] Warning (unused_value): Unused variable 'b'
azimuth/lib.mbt:1770:7-1770:22 [E0002] Warning (unused_value): Unused variable 'prime_candidate'
azimuth/lib.mbt:1776:7-1776:12 [E0002] Warning (unused_value): Unused variable 'fib_n'
azimuth/lib.mbt:1812:7-1812:15 [E0002] Warning (unused_value): Unused variable 'variance'
azimuth/lib.mbt:1813:7-1813:25 [E0002] Warning (unused_value): Unused variable 'standard_deviation'
azimuth/lib.mbt:1829:7-1829:21 [E0002] Warning (unused_value): Unused variable 'report_content'
azimuth/lib.mbt:1840:7-1840:16 [E0002] Warning (unused_value): Unused variable 'compounds'
azimuth/lib.mbt:1890:7-1890:16 [E0002] Warning (unused_value): Unused variable 'plaintext'
azimuth/lib.mbt:1933:7-1933:20 [E0002] Warning (unused_value): Unused variable 'original_data'
azimuth/lib.mbt:1966:7-1966:9 [E0002] Warning (unused_value): Unused variable 'x3'
azimuth/lib.mbt:1966:19-1966:21 [E0002] Warning (unused_value): Unused variable 'y3'
azimuth/lib.mbt:2038:7-2038:8 [E0002] Warning (unused_value): Unused variable 'b'
azimuth/lib.mbt:2186:7-2186:19 [E0002] Warning (unused_value): Unused variable 'start_vertex'
azimuth/lib.mbt:2187:7-2187:17 [E0002] Warning (unused_value): Unused variable 'end_vertex'
azimuth/lib.mbt:2209:7-2209:18 [E0002] Warning (unused_value): Unused variable 'tree_height'
azimuth/lib.mbt:2213:7-2213:16 [E0002] Warning (unused_value): Unused variable 'max_nodes'
azimuth/lib.mbt:2406:7-2406:8 [E0002] Warning (unused_value): Unused variable 'n'
azimuth/lib.mbt:2453:7-2453:25 [E0002] Warning (unused_value): Unused variable 'compounds_per_year'
azimuth/lib.mbt:2466:7-2466:13 [E0002] Warning (unused_value): Unused variable 'values'
azimuth/lib.mbt:2508:7-2508:13 [E0002] Warning (unused_value): Unused variable 'scores'
azimuth/lib.mbt:2595:7-2595:14 [E0002] Warning (unused_value): Unused variable 'pattern'
azimuth/lib.mbt:2729:7-2729:8 [E0002] Warning (unused_value): Unused variable 'g'
azimuth/lib.mbt:2730:7-2730:8 [E0002] Warning (unused_value): Unused variable 'b'
azimuth/lib.mbt:2755:7-2755:9 [E0002] Warning (unused_value): Unused variable 'g2'
azimuth/lib.mbt:2756:7-2756:9 [E0002] Warning (unused_value): Unused variable 'b2'
azimuth/lib.mbt:2806:7-2806:19 [E0002] Warning (unused_value): Unused variable 'server_count'
azimuth/lib.mbt:2810:7-2810:23 [E0002] Warning (unused_value): Unused variable 'server1_requests'
azimuth/lib.mbt:2811:7-2811:23 [E0002] Warning (unused_value): Unused variable 'server2_requests'
azimuth/lib.mbt:2812:7-2812:23 [E0002] Warning (unused_value): Unused variable 'server3_requests'
azimuth/lib.mbt:2848:7-2848:17 [E0002] Warning (unused_value): Unused variable 'cache_size'
azimuth/lib.mbt:2849:7-2849:22 [E0002] Warning (unused_value): Unused variable 'access_sequence'
azimuth/lib.mbt:2858:7-2858:18 [E0002] Warning (unused_value): Unused variable 'final_cache'
azimuth/lib.mbt:2884:7-2884:16 [E0002] Warning (unused_value): Unused variable 'data_byte'
azimuth/lib.mbt:2885:7-2885:16 [E0002] Warning (unused_value): Unused variable 'data_bits'
azimuth/lib.mbt:2894:7-2894:20 [E0002] Warning (unused_value): Unused variable 'received_data'
